# JRE version: Java(TM) SE Runtime Environment (8.0_45-b14) (build 1.8.0_45-b14)
# Java VM: Java HotSpot(TM) 64-Bit Server VM (25.45-b02 mixed mode windows-amd64 compressed oops)
Heap:
 PSYoungGen      total 321536K, used 211250K [0x00000000d5700000, 0x00000000ecb80000, 0x0000000100000000)
  eden space 303616K, 69% used [0x00000000d5700000,0x00000000e254c9d0,0x00000000e7f80000)
  from space 17920K, 0% used [0x00000000ea000000,0x00000000ea000000,0x00000000eb180000)
  to   space 33280K, 0% used [0x00000000e7f80000,0x00000000e7f80000,0x00000000ea000000)
 ParOldGen       total 145920K, used 76264K [0x0000000080400000, 0x0000000089280000, 0x00000000d5700000)
  object space 145920K, 52% used [0x0000000080400000,0x0000000084e7a350,0x0000000089280000)
 Metaspace       used 27038K, capacity 27301K, committed 27648K, reserved 1073152K
  class space    used 3382K, capacity 3474K, committed 3584K, reserved 1048576K
GC Heap History (10 events):
Event: 7.903 GC heap before
{Heap before GC invocations=10 (full 0):
 PSYoungGen      total 142848K, used 22891K [0x00000000d5700000, 0x00000000e3d00000, 0x0000000100000000)
  eden space 133120K, 9% used [0x00000000d5700000,0x00000000d63e0618,0x00000000dd900000)
  from space 9728K, 99% used [0x00000000dd900000,0x00000000de27a688,0x00000000de280000)
  to   space 11264K, 0% used [0x00000000e3200000,0x00000000e3200000,0x00000000e3d00000)
 ParOldGen       total 87552K, used 26604K [0x0000000080400000, 0x0000000085980000, 0x00000000d5700000)
  object space 87552K, 30% used [0x0000000080400000,0x0000000081dfb2c8,0x0000000085980000)
 Metaspace       used 20781K, capacity 20977K, committed 21248K, reserved 1067008K
  class space    used 2626K, capacity 2689K, committed 2816K, reserved 1048576K
Event: 7.911 GC heap after
Heap after GC invocations=10 (full 0):
 PSYoungGen      total 224256K, used 5284K [0x00000000d5700000, 0x00000000e3d00000, 0x0000000100000000)
  eden space 212992K, 0% used [0x00000000d5700000,0x00000000d5700000,0x00000000e2700000)
  from space 11264K, 46% used [0x00000000e3200000,0x00000000e3729188,0x00000000e3d00000)
  to   space 11264K, 0% used [0x00000000e2700000,0x00000000e2700000,0x00000000e3200000)
 ParOldGen       total 87552K, used 29270K [0x0000000080400000, 0x0000000085980000, 0x00000000d5700000)
  object space 87552K, 33% used [0x0000000080400000,0x0000000082095990,0x0000000085980000)
 Metaspace       used 20781K, capacity 20977K, committed 21248K, reserved 1067008K
  class space    used 2626K, capacity 2689K, committed 2816K, reserved 1048576K
}
Event: 7.911 GC heap before
{Heap before GC invocations=11 (full 1):
 PSYoungGen      total 224256K, used 5284K [0x00000000d5700000, 0x00000000e3d00000, 0x0000000100000000)
  eden space 212992K, 0% used [0x00000000d5700000,0x00000000d5700000,0x00000000e2700000)
  from space 11264K, 46% used [0x00000000e3200000,0x00000000e3729188,0x00000000e3d00000)
  to   space 11264K, 0% used [0x00000000e2700000,0x00000000e2700000,0x00000000e3200000)
 ParOldGen       total 87552K, used 29270K [0x0000000080400000, 0x0000000085980000, 0x00000000d5700000)
  object space 87552K, 33% used [0x0000000080400000,0x0000000082095990,0x0000000085980000)
 Metaspace       used 20781K, capacity 20977K, committed 21248K, reserved 1067008K
  class space    used 2626K, capacity 2689K, committed 2816K, reserved 1048576K
Event: 7.983 GC heap after
Heap after GC invocations=11 (full 1):
 PSYoungGen      total 224256K, used 0K [0x00000000d5700000, 0x00000000e3d00000, 0x0000000100000000)
  eden space 212992K, 0% used [0x00000000d5700000,0x00000000d5700000,0x00000000e2700000)
  from space 11264K, 0% used [0x00000000e3200000,0x00000000e3200000,0x00000000e3d00000)
  to   space 11264K, 0% used [0x00000000e2700000,0x00000000e2700000,0x00000000e3200000)
 ParOldGen       total 73728K, used 27240K [0x0000000080400000, 0x0000000084c00000, 0x00000000d5700000)
  object space 73728K, 36% used [0x0000000080400000,0x0000000081e9a380,0x0000000084c00000)
 Metaspace       used 20781K, capacity 20977K, committed 21248K, reserved 1067008K
  class space    used 2626K, capacity 2689K, committed 2816K, reserved 1048576K
}
Event: 10.797 GC heap before
{Heap before GC invocations=12 (full 1):
 PSYoungGen      total 224256K, used 212992K [0x00000000d5700000, 0x00000000e3d00000, 0x0000000100000000)
  eden space 212992K, 100% used [0x00000000d5700000,0x00000000e2700000,0x00000000e2700000)
  from space 11264K, 0% used [0x00000000e3200000,0x00000000e3200000,0x00000000e3d00000)
  to   space 11264K, 0% used [0x00000000e2700000,0x00000000e2700000,0x00000000e3200000)
 ParOldGen       total 73728K, used 27240K [0x0000000080400000, 0x0000000084c00000, 0x00000000d5700000)
  object space 73728K, 36% used [0x0000000080400000,0x0000000081e9a380,0x0000000084c00000)
 Metaspace       used 23743K, capacity 23967K, committed 24320K, reserved 1071104K
  class space    used 2969K, capacity 3048K, committed 3072K, reserved 1048576K
Event: 10.818 GC heap after
Heap after GC invocations=12 (full 1):
 PSYoungGen      total 224256K, used 11259K [0x00000000d5700000, 0x00000000eb180000, 0x0000000100000000)
  eden space 212992K, 0% used [0x00000000d5700000,0x00000000d5700000,0x00000000e2700000)
  from space 11264K, 99% used [0x00000000e2700000,0x00000000e31fecd8,0x00000000e3200000)
  to   space 17920K, 0% used [0x00000000ea000000,0x00000000ea000000,0x00000000eb180000)
 ParOldGen       total 73728K, used 42435K [0x0000000080400000, 0x0000000084c00000, 0x00000000d5700000)
  object space 73728K, 57% used [0x0000000080400000,0x0000000082d70db0,0x0000000084c00000)
 Metaspace       used 23743K, capacity 23967K, committed 24320K, reserved 1071104K
  class space    used 2969K, capacity 3048K, committed 3072K, reserved 1048576K
}
Event: 13.987 GC heap before
{Heap before GC invocations=13 (full 1):
 PSYoungGen      total 224256K, used 224251K [0x00000000d5700000, 0x00000000eb180000, 0x0000000100000000)
  eden space 212992K, 100% used [0x00000000d5700000,0x00000000e2700000,0x00000000e2700000)
  from space 11264K, 99% used [0x00000000e2700000,0x00000000e31fecd8,0x00000000e3200000)
  to   space 17920K, 0% used [0x00000000ea000000,0x00000000ea000000,0x00000000eb180000)
 ParOldGen       total 73728K, used 42435K [0x0000000080400000, 0x0000000084c00000, 0x00000000d5700000)
  object space 73728K, 57% used [0x0000000080400000,0x0000000082d70db0,0x0000000084c00000)
 Metaspace       used 23847K, capacity 24031K, committed 24320K, reserved 1071104K
  class space    used 2969K, capacity 3048K, committed 3072K, reserved 1048576K
Event: 14.026 GC heap after
Heap after GC invocations=13 (full 1):
 PSYoungGen      total 321536K, used 17894K [0x00000000d5700000, 0x00000000ecb80000, 0x0000000100000000)
  eden space 303616K, 0% used [0x00000000d5700000,0x00000000d5700000,0x00000000e7f80000)
  from space 17920K, 99% used [0x00000000ea000000,0x00000000eb179948,0x00000000eb180000)
  to   space 33280K, 0% used [0x00000000e7f80000,0x00000000e7f80000,0x00000000ea000000)
 ParOldGen       total 76288K, used 76220K [0x0000000080400000, 0x0000000084e80000, 0x00000000d5700000)
  object space 76288K, 99% used [0x0000000080400000,0x0000000084e6f3a0,0x0000000084e80000)
 Metaspace       used 23847K, capacity 24031K, committed 24320K, reserved 1071104K
  class space    used 2969K, capacity 3048K, committed 3072K, reserved 1048576K
}
Event: 14.026 GC heap before
{Heap before GC invocations=14 (full 2):
 PSYoungGen      total 321536K, used 17894K [0x00000000d5700000, 0x00000000ecb80000, 0x0000000100000000)
  eden space 303616K, 0% used [0x00000000d5700000,0x00000000d5700000,0x00000000e7f80000)
  from space 17920K, 99% used [0x00000000ea000000,0x00000000eb179948,0x00000000eb180000)
  to   space 33280K, 0% used [0x00000000e7f80000,0x00000000e7f80000,0x00000000ea000000)
 ParOldGen       total 76288K, used 76220K [0x0000000080400000, 0x0000000084e80000, 0x00000000d5700000)
  object space 76288K, 99% used [0x0000000080400000,0x0000000084e6f3a0,0x0000000084e80000)
 Metaspace       used 23847K, capacity 24031K, committed 24320K, reserved 1071104K
  class space    used 2969K, capacity 3048K, committed 3072K, reserved 1048576K
Event: 14.094 GC heap after
Heap after GC invocations=14 (full 2):
 PSYoungGen      total 321536K, used 0K [0x00000000d5700000, 0x00000000ecb80000, 0x0000000100000000)
  eden space 303616K, 0% used [0x00000000d5700000,0x00000000d5700000,0x00000000e7f80000)
  from space 17920K, 0% used [0x00000000ea000000,0x00000000ea000000,0x00000000eb180000)
  to   space 33280K, 0% used [0x00000000e7f80000,0x00000000e7f80000,0x00000000ea000000)
 ParOldGen       total 145920K, used 76264K [0x0000000080400000, 0x0000000089280000, 0x00000000d5700000)
  object space 145920K, 52% used [0x0000000080400000,0x0000000084e7a350,0x0000000089280000)
 Metaspace       used 23847K, capacity 24031K, committed 24320K, reserved 1071104K
  class space    used 2969K, capacity 3048K, committed 3072K, reserved 1048576K
}

